# JRE version: Java(TM) SE Runtime Environment (8.0_241-b07) (build 1.8.0_241-b07)
# Java VM: Java HotSpot(TM) 64-Bit Server VM (25.241-b07 mixed mode windows-amd64 compressed oops)
Heap:
 PSYoungGen      total 122880K, used 30917K [0x00000000d5f00000, 0x00000000df200000, 0x0000000100000000)
  eden space 114688K, 26% used [0x00000000d5f00000,0x00000000d7d31748,0x00000000dcf00000)
  from space 8192K, 0% used [0x00000000dea00000,0x00000000dea00000,0x00000000df200000)
  to   space 9728K, 0% used [0x00000000ddf00000,0x00000000ddf00000,0x00000000de880000)
 ParOldGen       total 78848K, used 14164K [0x0000000081c00000, 0x0000000086900000, 0x00000000d5f00000)
  object space 78848K, 17% used [0x0000000081c00000,0x00000000829d5050,0x0000000086900000)
 Metaspace       used 36614K, capacity 38518K, committed 38656K, reserved 1085440K
  class space    used 5162K, capacity 5524K, committed 5632K, reserved 1048576K
GC Heap History (10 events):
Event: 1.306 GC heap before
{Heap before GC invocations=6 (full 1):
 PSYoungGen      total 71680K, used 5097K [0x00000000d5f00000, 0x00000000df300000, 0x0000000100000000)
  eden space 66560K, 0% used [0x00000000d5f00000,0x00000000d5f00000,0x00000000da000000)
  from space 5120K, 99% used [0x00000000da000000,0x00000000da4fa510,0x00000000da500000)
  to   space 9216K, 0% used [0x00000000dea00000,0x00000000dea00000,0x00000000df300000)
 ParOldGen       total 87552K, used 7566K [0x0000000081c00000, 0x0000000087180000, 0x00000000d5f00000)
  object space 87552K, 8% used [0x0000000081c00000,0x0000000082363918,0x0000000087180000)
 Metaspace       used 20415K, capacity 21104K, committed 21248K, reserved 1067008K
  class space    used 2763K, capacity 2955K, committed 3072K, reserved 1048576K
Event: 1.334 GC heap after
Heap after GC invocations=6 (full 1):
 PSYoungGen      total 71680K, used 0K [0x00000000d5f00000, 0x00000000df300000, 0x0000000100000000)
  eden space 66560K, 0% used [0x00000000d5f00000,0x00000000d5f00000,0x00000000da000000)
  from space 5120K, 0% used [0x00000000da000000,0x00000000da000000,0x00000000da500000)
  to   space 9216K, 0% used [0x00000000dea00000,0x00000000dea00000,0x00000000df300000)
 ParOldGen       total 51712K, used 5897K [0x0000000081c00000, 0x0000000084e80000, 0x00000000d5f00000)
  object space 51712K, 11% used [0x0000000081c00000,0x00000000821c27b8,0x0000000084e80000)
 Metaspace       used 20413K, capacity 21098K, committed 21248K, reserved 1067008K
  class space    used 2762K, capacity 2954K, committed 3072K, reserved 1048576K
}
Event: 1.820 GC heap before
{Heap before GC invocations=7 (full 1):
 PSYoungGen      total 71680K, used 66560K [0x00000000d5f00000, 0x00000000df300000, 0x0000000100000000)
  eden space 66560K, 100% used [0x00000000d5f00000,0x00000000da000000,0x00000000da000000)
  from space 5120K, 0% used [0x00000000da000000,0x00000000da000000,0x00000000da500000)
  to   space 9216K, 0% used [0x00000000dea00000,0x00000000dea00000,0x00000000df300000)
 ParOldGen       total 51712K, used 5897K [0x0000000081c00000, 0x0000000084e80000, 0x00000000d5f00000)
  object space 51712K, 11% used [0x0000000081c00000,0x00000000821c27b8,0x0000000084e80000)
 Metaspace       used 24155K, capacity 25290K, committed 25472K, reserved 1071104K
  class space    used 3358K, capacity 3634K, committed 3712K, reserved 1048576K
Event: 1.826 GC heap after
Heap after GC invocations=7 (full 1):
 PSYoungGen      total 122880K, used 7689K [0x00000000d5f00000, 0x00000000df200000, 0x0000000100000000)
  eden space 114688K, 0% used [0x00000000d5f00000,0x00000000d5f00000,0x00000000dcf00000)
  from space 8192K, 93% used [0x00000000dea00000,0x00000000df1824e8,0x00000000df200000)
  to   space 9728K, 0% used [0x00000000ddf00000,0x00000000ddf00000,0x00000000de880000)
 ParOldGen       total 51712K, used 5905K [0x0000000081c00000, 0x0000000084e80000, 0x00000000d5f00000)
  object space 51712K, 11% used [0x0000000081c00000,0x00000000821c47b8,0x0000000084e80000)
 Metaspace       used 24155K, capacity 25290K, committed 25472K, reserved 1071104K
  class space    used 3358K, capacity 3634K, committed 3712K, reserved 1048576K
}
Event: 2.521 GC heap before
{Heap before GC invocations=8 (full 1):
 PSYoungGen      total 122880K, used 122377K [0x00000000d5f00000, 0x00000000df200000, 0x0000000100000000)
  eden space 114688K, 100% used [0x00000000d5f00000,0x00000000dcf00000,0x00000000dcf00000)
  from space 8192K, 93% used [0x00000000dea00000,0x00000000df1824e8,0x00000000df200000)
  to   space 9728K, 0% used [0x00000000ddf00000,0x00000000ddf00000,0x00000000de880000)
 ParOldGen       total 51712K, used 5905K [0x0000000081c00000, 0x0000000084e80000, 0x00000000d5f00000)
  object space 51712K, 11% used [0x0000000081c00000,0x00000000821c47b8,0x0000000084e80000)
 Metaspace       used 30666K, capacity 32402K, committed 32512K, reserved 1077248K
  class space    used 4205K, capacity 4554K, committed 4608K, reserved 1048576K
Event: 2.532 GC heap after
Heap after GC invocations=8 (full 1):
 PSYoungGen      total 124416K, used 9696K [0x00000000d5f00000, 0x00000000df200000, 0x0000000100000000)
  eden space 114688K, 0% used [0x00000000d5f00000,0x00000000d5f00000,0x00000000dcf00000)
  from space 9728K, 99% used [0x00000000ddf00000,0x00000000de878110,0x00000000de880000)
  to   space 8192K, 0% used [0x00000000dea00000,0x00000000dea00000,0x00000000df200000)
 ParOldGen       total 51712K, used 7834K [0x0000000081c00000, 0x0000000084e80000, 0x00000000d5f00000)
  object space 51712K, 15% used [0x0000000081c00000,0x00000000823a68f8,0x0000000084e80000)
 Metaspace       used 30666K, capacity 32402K, committed 32512K, reserved 1077248K
  class space    used 4205K, capacity 4554K, committed 4608K, reserved 1048576K
}
Event: 2.694 GC heap before
{Heap before GC invocations=9 (full 1):
 PSYoungGen      total 124416K, used 38798K [0x00000000d5f00000, 0x00000000df200000, 0x0000000100000000)
  eden space 114688K, 25% used [0x00000000d5f00000,0x00000000d7b6ba30,0x00000000dcf00000)
  from space 9728K, 99% used [0x00000000ddf00000,0x00000000de878110,0x00000000de880000)
  to   space 8192K, 0% used [0x00000000dea00000,0x00000000dea00000,0x00000000df200000)
 ParOldGen       total 51712K, used 7834K [0x0000000081c00000, 0x0000000084e80000, 0x00000000d5f00000)
  object space 51712K, 15% used [0x0000000081c00000,0x00000000823a68f8,0x0000000084e80000)
 Metaspace       used 33505K, capacity 35284K, committed 35416K, reserved 1079296K
  class space    used 4664K, capacity 4977K, committed 4992K, reserved 1048576K
Event: 2.700 GC heap after
Heap after GC invocations=9 (full 1):
 PSYoungGen      total 122880K, used 8183K [0x00000000d5f00000, 0x00000000df200000, 0x0000000100000000)
  eden space 114688K, 0% used [0x00000000d5f00000,0x00000000d5f00000,0x00000000dcf00000)
  from space 8192K, 99% used [0x00000000dea00000,0x00000000df1fdcb8,0x00000000df200000)
  to   space 9728K, 0% used [0x00000000ddf00000,0x00000000ddf00000,0x00000000de880000)
 ParOldGen       total 51712K, used 8976K [0x0000000081c00000, 0x0000000084e80000, 0x00000000d5f00000)
  object space 51712K, 17% used [0x0000000081c00000,0x00000000824c40a0,0x0000000084e80000)
 Metaspace       used 33505K, capacity 35284K, committed 35416K, reserved 1079296K
  class space    used 4664K, capacity 4977K, committed 4992K, reserved 1048576K
}
Event: 2.700 GC heap before
{Heap before GC invocations=10 (full 2):
 PSYoungGen      total 122880K, used 8183K [0x00000000d5f00000, 0x00000000df200000, 0x0000000100000000)
  eden space 114688K, 0% used [0x00000000d5f00000,0x00000000d5f00000,0x00000000dcf00000)
  from space 8192K, 99% used [0x00000000dea00000,0x00000000df1fdcb8,0x00000000df200000)
  to   space 9728K, 0% used [0x00000000ddf00000,0x00000000ddf00000,0x00000000de880000)
 ParOldGen       total 51712K, used 8976K [0x0000000081c00000, 0x0000000084e80000, 0x00000000d5f00000)
  object space 51712K, 17% used [0x0000000081c00000,0x00000000824c40a0,0x0000000084e80000)
 Metaspace       used 33505K, capacity 35284K, committed 35416K, reserved 1079296K
  class space    used 4664K, capacity 4977K, committed 4992K, reserved 1048576K
Event: 2.774 GC heap after
Heap after GC invocations=10 (full 2):
 PSYoungGen      total 122880K, used 0K [0x00000000d5f00000, 0x00000000df200000, 0x0000000100000000)
  eden space 114688K, 0% used [0x00000000d5f00000,0x00000000d5f00000,0x00000000dcf00000)
  from space 8192K, 0% used [0x00000000dea00000,0x00000000dea00000,0x00000000df200000)
  to   space 9728K, 0% used [0x00000000ddf00000,0x00000000ddf00000,0x00000000de880000)
 ParOldGen       total 78848K, used 14164K [0x0000000081c00000, 0x0000000086900000, 0x00000000d5f00000)
  object space 78848K, 17% used [0x0000000081c00000,0x00000000829d5050,0x0000000086900000)
 Metaspace       used 33505K, capacity 35284K, committed 35416K, reserved 1079296K
  class space    used 4664K, capacity 4977K, committed 4992K, reserved 1048576K
}

